<?xml version="1.0" encoding="UTF-8"?>
<!-- Generated by org.testng.reporters.JUnitReportReporter -->
<testsuite skipped="0" hostname="KONARK-PC" name="com.scp.TestingCase.TESTNG_DEMO.DemoTest" tests="5" failures="0" timestamp="24 Jul 2018 10:31:35 GMT" time="0.050" errors="0">
  <testcase name="methodThree" time="0.005" classname="com.scp.TestingCase.TESTNG_DEMO.DemoTest"/>
  <testcase name="methodOne" time="0.030" classname="com.scp.TestingCase.TESTNG_DEMO.DemoTest"/>
  <testcase name="methodOne" time="0.006" classname="com.scp.TestingCase.TESTNG_DEMO.DemoTest"/>
  <testcase name="methodTwo" time="0.004" classname="com.scp.TestingCase.TESTNG_DEMO.DemoTest"/>
  <testcase name="methodOne" time="0.005" classname="com.scp.TestingCase.TESTNG_DEMO.DemoTest"/>
</testsuite> <!-- com.scp.TestingCase.TESTNG_DEMO.DemoTest -->
